C:\TANIA\15_PALYAN_3_KURS\LAB1\Z1_4\MYSTACK\PR1\DEBUG\FIG12_03NEW.OBJ
C:\TANIA\15_PALYAN_3_KURS\LAB1\Z1_4\MYSTACK\PR1\DEBUG\VC110.PDB
C:\TANIA\15_PALYAN_3_KURS\LAB1\Z1_4\MYSTACK\PR1\DEBUG\PR1.ILK
C:\TANIA\15_PALYAN_3_KURS\LAB1\Z1_4\MYSTACK\PR1\DEBUG\PR1.EXE
C:\TANIA\15_PALYAN_3_KURS\LAB1\Z1_4\MYSTACK\PR1\DEBUG\PR1.PDB
C:\Tania\15_Palyan_3_kurs\lab1\Z1_4\MyStack\pr1\Debug\Fig12_03New.obj
C:\Tania\15_Palyan_3_kurs\lab1\Z1_4\MyStack\pr1\Debug\pr1.ilk
C:\Tania\15_Palyan_3_kurs\lab1\Z1_4\MyStack\pr1\Debug\cl.command.1.tlog
C:\Tania\15_Palyan_3_kurs\lab1\Z1_4\MyStack\pr1\Debug\CL.read.1.tlog
C:\Tania\15_Palyan_3_kurs\lab1\Z1_4\MyStack\pr1\Debug\CL.write.1.tlog
C:\Tania\15_Palyan_3_kurs\lab1\Z1_4\MyStack\pr1\Debug\link-cvtres.read.1.tlog
C:\Tania\15_Palyan_3_kurs\lab1\Z1_4\MyStack\pr1\Debug\link-cvtres.write.1.tlog
C:\Tania\15_Palyan_3_kurs\lab1\Z1_4\MyStack\pr1\Debug\link-rc.read.1.tlog
C:\Tania\15_Palyan_3_kurs\lab1\Z1_4\MyStack\pr1\Debug\link-rc.write.1.tlog
C:\Tania\15_Palyan_3_kurs\lab1\Z1_4\MyStack\pr1\Debug\link.command.1.tlog
C:\Tania\15_Palyan_3_kurs\lab1\Z1_4\MyStack\pr1\Debug\link.read.1.tlog
C:\Tania\15_Palyan_3_kurs\lab1\Z1_4\MyStack\pr1\Debug\link.write.1.tlog
C:\Tania\15_Palyan_3_kurs\lab1\Z1_4\MyStack\pr1\Debug\vc110.idb
C:\Tania\15_Palyan_3_kurs\lab1\Z1_4\MyStack\pr1\Debug\pr1.pdb
C:\Tania\15_Palyan_3_kurs\lab1\Z1_4\MyStack\pr1\Debug\vc110.pdb
C:\Tania\15_Palyan_3_kurs\lab1\Z1_4\MyStack\pr1\Debug\pr1.exe
